0 info it worked if it ends with ok
1 verbose cli [ '/usr/bin/node', '/usr/bin/npm', 'install' ]
2 info using npm@1.4.28
3 info using node@v0.10.36
4 verbose node symlink /usr/bin/node
5 warn package.json appcki@1.0.0 No repository field.
6 warn package.json appcki@1.0.0 No README data
7 verbose readDependencies using package.json deps
8 verbose install where, deps [ '/home/tim/git/appcki',
8 verbose install   [ 'gulp',
8 verbose install     'gulp-sass',
8 verbose install     'gulp-concat',
8 verbose install     'gulp-minify-css',
8 verbose install     'gulp-rename',
8 verbose install     'bower',
8 verbose install     'gulp-util',
8 verbose install     'shelljs' ] ]
9 info preinstall appcki@1.0.0
10 verbose readDependencies using package.json deps
11 verbose cache add [ 'gulp@^3.5.6', null ]
12 verbose cache add name=undefined spec="gulp@^3.5.6" args=["gulp@^3.5.6",null]
13 verbose parsed url { protocol: null,
13 verbose parsed url   slashes: null,
13 verbose parsed url   auth: null,
13 verbose parsed url   host: null,
13 verbose parsed url   port: null,
13 verbose parsed url   hostname: null,
13 verbose parsed url   hash: null,
13 verbose parsed url   search: null,
13 verbose parsed url   query: null,
13 verbose parsed url   pathname: 'gulp@^3.5.6',
13 verbose parsed url   path: 'gulp@^3.5.6',
13 verbose parsed url   href: 'gulp@^3.5.6' }
14 verbose cache add [ 'gulp-sass@^0.7.1', null ]
15 verbose cache add name=undefined spec="gulp-sass@^0.7.1" args=["gulp-sass@^0.7.1",null]
16 verbose parsed url { protocol: null,
16 verbose parsed url   slashes: null,
16 verbose parsed url   auth: null,
16 verbose parsed url   host: null,
16 verbose parsed url   port: null,
16 verbose parsed url   hostname: null,
16 verbose parsed url   hash: null,
16 verbose parsed url   search: null,
16 verbose parsed url   query: null,
16 verbose parsed url   pathname: 'gulp-sass@^0.7.1',
16 verbose parsed url   path: 'gulp-sass@^0.7.1',
16 verbose parsed url   href: 'gulp-sass@^0.7.1' }
17 verbose cache add [ 'gulp-concat@^2.2.0', null ]
18 verbose cache add name=undefined spec="gulp-concat@^2.2.0" args=["gulp-concat@^2.2.0",null]
19 verbose parsed url { protocol: null,
19 verbose parsed url   slashes: null,
19 verbose parsed url   auth: null,
19 verbose parsed url   host: null,
19 verbose parsed url   port: null,
19 verbose parsed url   hostname: null,
19 verbose parsed url   hash: null,
19 verbose parsed url   search: null,
19 verbose parsed url   query: null,
19 verbose parsed url   pathname: 'gulp-concat@^2.2.0',
19 verbose parsed url   path: 'gulp-concat@^2.2.0',
19 verbose parsed url   href: 'gulp-concat@^2.2.0' }
20 verbose cache add [ 'gulp-minify-css@^0.3.0', null ]
21 verbose cache add name=undefined spec="gulp-minify-css@^0.3.0" args=["gulp-minify-css@^0.3.0",null]
22 verbose parsed url { protocol: null,
22 verbose parsed url   slashes: null,
22 verbose parsed url   auth: null,
22 verbose parsed url   host: null,
22 verbose parsed url   port: null,
22 verbose parsed url   hostname: null,
22 verbose parsed url   hash: null,
22 verbose parsed url   search: null,
22 verbose parsed url   query: null,
22 verbose parsed url   pathname: 'gulp-minify-css@^0.3.0',
22 verbose parsed url   path: 'gulp-minify-css@^0.3.0',
22 verbose parsed url   href: 'gulp-minify-css@^0.3.0' }
23 verbose cache add name="gulp" spec="^3.5.6" args=["gulp","^3.5.6"]
24 verbose parsed url { protocol: null,
24 verbose parsed url   slashes: null,
24 verbose parsed url   auth: null,
24 verbose parsed url   host: null,
24 verbose parsed url   port: null,
24 verbose parsed url   hostname: null,
24 verbose parsed url   hash: null,
24 verbose parsed url   search: null,
24 verbose parsed url   query: null,
24 verbose parsed url   pathname: '^3.5.6',
24 verbose parsed url   path: '^3.5.6',
24 verbose parsed url   href: '^3.5.6' }
25 verbose addNamed [ 'gulp', '^3.5.6' ]
26 verbose addNamed [ null, '>=3.5.6-0 <4.0.0-0' ]
27 verbose cache add name="gulp-sass" spec="^0.7.1" args=["gulp-sass","^0.7.1"]
28 verbose parsed url { protocol: null,
28 verbose parsed url   slashes: null,
28 verbose parsed url   auth: null,
28 verbose parsed url   host: null,
28 verbose parsed url   port: null,
28 verbose parsed url   hostname: null,
28 verbose parsed url   hash: null,
28 verbose parsed url   search: null,
28 verbose parsed url   query: null,
28 verbose parsed url   pathname: '^0.7.1',
28 verbose parsed url   path: '^0.7.1',
28 verbose parsed url   href: '^0.7.1' }
29 verbose addNamed [ 'gulp-sass', '^0.7.1' ]
30 verbose addNamed [ null, '>=0.7.1-0 <0.8.0-0' ]
31 verbose cache add name="gulp-concat" spec="^2.2.0" args=["gulp-concat","^2.2.0"]
32 verbose parsed url { protocol: null,
32 verbose parsed url   slashes: null,
32 verbose parsed url   auth: null,
32 verbose parsed url   host: null,
32 verbose parsed url   port: null,
32 verbose parsed url   hostname: null,
32 verbose parsed url   hash: null,
32 verbose parsed url   search: null,
32 verbose parsed url   query: null,
32 verbose parsed url   pathname: '^2.2.0',
32 verbose parsed url   path: '^2.2.0',
32 verbose parsed url   href: '^2.2.0' }
33 verbose addNamed [ 'gulp-concat', '^2.2.0' ]
34 verbose addNamed [ null, '>=2.2.0-0 <3.0.0-0' ]
35 verbose cache add [ 'gulp-rename@^1.2.0', null ]
36 verbose cache add name=undefined spec="gulp-rename@^1.2.0" args=["gulp-rename@^1.2.0",null]
37 verbose parsed url { protocol: null,
37 verbose parsed url   slashes: null,
37 verbose parsed url   auth: null,
37 verbose parsed url   host: null,
37 verbose parsed url   port: null,
37 verbose parsed url   hostname: null,
37 verbose parsed url   hash: null,
37 verbose parsed url   search: null,
37 verbose parsed url   query: null,
37 verbose parsed url   pathname: 'gulp-rename@^1.2.0',
37 verbose parsed url   path: 'gulp-rename@^1.2.0',
37 verbose parsed url   href: 'gulp-rename@^1.2.0' }
38 verbose cache add name="gulp-minify-css" spec="^0.3.0" args=["gulp-minify-css","^0.3.0"]
39 verbose parsed url { protocol: null,
39 verbose parsed url   slashes: null,
39 verbose parsed url   auth: null,
39 verbose parsed url   host: null,
39 verbose parsed url   port: null,
39 verbose parsed url   hostname: null,
39 verbose parsed url   hash: null,
39 verbose parsed url   search: null,
39 verbose parsed url   query: null,
39 verbose parsed url   pathname: '^0.3.0',
39 verbose parsed url   path: '^0.3.0',
39 verbose parsed url   href: '^0.3.0' }
40 verbose addNamed [ 'gulp-minify-css', '^0.3.0' ]
41 verbose addNamed [ null, '>=0.3.0-0 <0.4.0-0' ]
42 silly lockFile 28ac0b1b-gulp-3-5-6 gulp@^3.5.6
43 verbose lock gulp@^3.5.6 /home/tim/.npm/28ac0b1b-gulp-3-5-6.lock
44 silly lockFile 77100620-gulp-sass-0-7-1 gulp-sass@^0.7.1
45 verbose lock gulp-sass@^0.7.1 /home/tim/.npm/77100620-gulp-sass-0-7-1.lock
46 silly lockFile bade1119-gulp-concat-2-2-0 gulp-concat@^2.2.0
47 verbose lock gulp-concat@^2.2.0 /home/tim/.npm/bade1119-gulp-concat-2-2-0.lock
48 silly lockFile 97140670-gulp-minify-css-0-3-0 gulp-minify-css@^0.3.0
49 verbose lock gulp-minify-css@^0.3.0 /home/tim/.npm/97140670-gulp-minify-css-0-3-0.lock
50 verbose cache add [ 'bower@^1.3.3', null ]
51 verbose cache add name=undefined spec="bower@^1.3.3" args=["bower@^1.3.3",null]
52 verbose parsed url { protocol: null,
52 verbose parsed url   slashes: null,
52 verbose parsed url   auth: null,
52 verbose parsed url   host: null,
52 verbose parsed url   port: null,
52 verbose parsed url   hostname: null,
52 verbose parsed url   hash: null,
52 verbose parsed url   search: null,
52 verbose parsed url   query: null,
52 verbose parsed url   pathname: 'bower@^1.3.3',
52 verbose parsed url   path: 'bower@^1.3.3',
52 verbose parsed url   href: 'bower@^1.3.3' }
53 verbose cache add [ 'gulp-util@^2.2.14', null ]
54 verbose cache add name=undefined spec="gulp-util@^2.2.14" args=["gulp-util@^2.2.14",null]
55 verbose parsed url { protocol: null,
55 verbose parsed url   slashes: null,
55 verbose parsed url   auth: null,
55 verbose parsed url   host: null,
55 verbose parsed url   port: null,
55 verbose parsed url   hostname: null,
55 verbose parsed url   hash: null,
55 verbose parsed url   search: null,
55 verbose parsed url   query: null,
55 verbose parsed url   pathname: 'gulp-util@^2.2.14',
55 verbose parsed url   path: 'gulp-util@^2.2.14',
55 verbose parsed url   href: 'gulp-util@^2.2.14' }
56 verbose cache add name="gulp-rename" spec="^1.2.0" args=["gulp-rename","^1.2.0"]
57 verbose parsed url { protocol: null,
57 verbose parsed url   slashes: null,
57 verbose parsed url   auth: null,
57 verbose parsed url   host: null,
57 verbose parsed url   port: null,
57 verbose parsed url   hostname: null,
57 verbose parsed url   hash: null,
57 verbose parsed url   search: null,
57 verbose parsed url   query: null,
57 verbose parsed url   pathname: '^1.2.0',
57 verbose parsed url   path: '^1.2.0',
57 verbose parsed url   href: '^1.2.0' }
58 verbose addNamed [ 'gulp-rename', '^1.2.0' ]
59 verbose addNamed [ null, '>=1.2.0-0 <2.0.0-0' ]
60 silly lockFile 31cef36d-gulp-rename-1-2-0 gulp-rename@^1.2.0
61 verbose lock gulp-rename@^1.2.0 /home/tim/.npm/31cef36d-gulp-rename-1-2-0.lock
62 verbose cache add name="bower" spec="^1.3.3" args=["bower","^1.3.3"]
63 verbose parsed url { protocol: null,
63 verbose parsed url   slashes: null,
63 verbose parsed url   auth: null,
63 verbose parsed url   host: null,
63 verbose parsed url   port: null,
63 verbose parsed url   hostname: null,
63 verbose parsed url   hash: null,
63 verbose parsed url   search: null,
63 verbose parsed url   query: null,
63 verbose parsed url   pathname: '^1.3.3',
63 verbose parsed url   path: '^1.3.3',
63 verbose parsed url   href: '^1.3.3' }
64 verbose addNamed [ 'bower', '^1.3.3' ]
65 verbose addNamed [ null, '>=1.3.3-0 <2.0.0-0' ]
66 silly lockFile 0aa5c27e-bower-1-3-3 bower@^1.3.3
67 verbose lock bower@^1.3.3 /home/tim/.npm/0aa5c27e-bower-1-3-3.lock
68 verbose cache add [ 'shelljs@^0.3.0', null ]
69 verbose cache add name=undefined spec="shelljs@^0.3.0" args=["shelljs@^0.3.0",null]
70 verbose parsed url { protocol: null,
70 verbose parsed url   slashes: null,
70 verbose parsed url   auth: null,
70 verbose parsed url   host: null,
70 verbose parsed url   port: null,
70 verbose parsed url   hostname: null,
70 verbose parsed url   hash: null,
70 verbose parsed url   search: null,
70 verbose parsed url   query: null,
70 verbose parsed url   pathname: 'shelljs@^0.3.0',
70 verbose parsed url   path: 'shelljs@^0.3.0',
70 verbose parsed url   href: 'shelljs@^0.3.0' }
71 verbose cache add name="gulp-util" spec="^2.2.14" args=["gulp-util","^2.2.14"]
72 verbose parsed url { protocol: null,
72 verbose parsed url   slashes: null,
72 verbose parsed url   auth: null,
72 verbose parsed url   host: null,
72 verbose parsed url   port: null,
72 verbose parsed url   hostname: null,
72 verbose parsed url   hash: null,
72 verbose parsed url   search: null,
72 verbose parsed url   query: null,
72 verbose parsed url   pathname: '^2.2.14',
72 verbose parsed url   path: '^2.2.14',
72 verbose parsed url   href: '^2.2.14' }
73 verbose addNamed [ 'gulp-util', '^2.2.14' ]
74 verbose addNamed [ null, '>=2.2.14-0 <3.0.0-0' ]
75 silly lockFile e3e5f16b-gulp-util-2-2-14 gulp-util@^2.2.14
76 verbose lock gulp-util@^2.2.14 /home/tim/.npm/e3e5f16b-gulp-util-2-2-14.lock
77 silly addNameRange { name: 'gulp', range: '>=3.5.6-0 <4.0.0-0', hasData: false }
78 silly addNameRange { name: 'gulp-sass',
78 silly addNameRange   range: '>=0.7.1-0 <0.8.0-0',
78 silly addNameRange   hasData: false }
79 silly addNameRange { name: 'gulp-concat',
79 silly addNameRange   range: '>=2.2.0-0 <3.0.0-0',
79 silly addNameRange   hasData: false }
80 silly addNameRange { name: 'gulp-minify-css',
80 silly addNameRange   range: '>=0.3.0-0 <0.4.0-0',
80 silly addNameRange   hasData: false }
81 verbose cache add name="shelljs" spec="^0.3.0" args=["shelljs","^0.3.0"]
82 verbose parsed url { protocol: null,
82 verbose parsed url   slashes: null,
82 verbose parsed url   auth: null,
82 verbose parsed url   host: null,
82 verbose parsed url   port: null,
82 verbose parsed url   hostname: null,
82 verbose parsed url   hash: null,
82 verbose parsed url   search: null,
82 verbose parsed url   query: null,
82 verbose parsed url   pathname: '^0.3.0',
82 verbose parsed url   path: '^0.3.0',
82 verbose parsed url   href: '^0.3.0' }
83 verbose addNamed [ 'shelljs', '^0.3.0' ]
84 verbose addNamed [ null, '>=0.3.0-0 <0.4.0-0' ]
85 silly lockFile 1ddaa962-shelljs-0-3-0 shelljs@^0.3.0
86 verbose lock shelljs@^0.3.0 /home/tim/.npm/1ddaa962-shelljs-0-3-0.lock
87 silly addNameRange { name: 'gulp-rename',
87 silly addNameRange   range: '>=1.2.0-0 <2.0.0-0',
87 silly addNameRange   hasData: false }
88 verbose request where is /gulp-sass
89 verbose request registry https://registry.npmjs.org/
90 verbose request id d7b6e71637313e6b
91 verbose url raw /gulp-sass
92 verbose url resolving [ 'https://registry.npmjs.org/', './gulp-sass' ]
93 verbose url resolved https://registry.npmjs.org/gulp-sass
94 verbose request where is https://registry.npmjs.org/gulp-sass
95 info trying registry request attempt 1 at 10:41:32
96 http GET https://registry.npmjs.org/gulp-sass
97 verbose request where is /gulp-concat
98 verbose request registry https://registry.npmjs.org/
99 verbose url raw /gulp-concat
100 verbose url resolving [ 'https://registry.npmjs.org/', './gulp-concat' ]
101 verbose url resolved https://registry.npmjs.org/gulp-concat
102 verbose request where is https://registry.npmjs.org/gulp-concat
103 info trying registry request attempt 1 at 10:41:32
104 http GET https://registry.npmjs.org/gulp-concat
105 verbose request where is /gulp-minify-css
106 verbose request registry https://registry.npmjs.org/
107 verbose url raw /gulp-minify-css
108 verbose url resolving [ 'https://registry.npmjs.org/', './gulp-minify-css' ]
109 verbose url resolved https://registry.npmjs.org/gulp-minify-css
110 verbose request where is https://registry.npmjs.org/gulp-minify-css
111 info trying registry request attempt 1 at 10:41:32
112 http GET https://registry.npmjs.org/gulp-minify-css
113 silly addNameRange { name: 'bower', range: '>=1.3.3-0 <2.0.0-0', hasData: false }
114 verbose request where is /gulp-rename
115 verbose request registry https://registry.npmjs.org/
116 verbose url raw /gulp-rename
117 verbose url resolving [ 'https://registry.npmjs.org/', './gulp-rename' ]
118 verbose url resolved https://registry.npmjs.org/gulp-rename
119 verbose request where is https://registry.npmjs.org/gulp-rename
120 info trying registry request attempt 1 at 10:41:32
121 http GET https://registry.npmjs.org/gulp-rename
122 silly addNameRange { name: 'gulp-util',
122 silly addNameRange   range: '>=2.2.14-0 <3.0.0-0',
122 silly addNameRange   hasData: false }
123 silly addNameRange { name: 'shelljs', range: '>=0.3.0-0 <0.4.0-0', hasData: false }
124 verbose request where is /gulp
125 verbose request registry https://registry.npmjs.org/
126 verbose url raw /gulp
127 verbose url resolving [ 'https://registry.npmjs.org/', './gulp' ]
128 verbose url resolved https://registry.npmjs.org/gulp
129 verbose request where is https://registry.npmjs.org/gulp
130 info trying registry request attempt 1 at 10:41:32
131 verbose etag "50D86MTEE8SP4MXEP13LOB16U"
132 http GET https://registry.npmjs.org/gulp
133 verbose request where is /bower
134 verbose request registry https://registry.npmjs.org/
135 verbose url raw /bower
136 verbose url resolving [ 'https://registry.npmjs.org/', './bower' ]
137 verbose url resolved https://registry.npmjs.org/bower
138 verbose request where is https://registry.npmjs.org/bower
139 info trying registry request attempt 1 at 10:41:32
140 verbose etag "EL9MGRLNON4T4ZXP9J0EA9ZP2"
141 http GET https://registry.npmjs.org/bower
142 verbose request where is /gulp-util
143 verbose request registry https://registry.npmjs.org/
144 verbose url raw /gulp-util
145 verbose url resolving [ 'https://registry.npmjs.org/', './gulp-util' ]
146 verbose url resolved https://registry.npmjs.org/gulp-util
147 verbose request where is https://registry.npmjs.org/gulp-util
148 info trying registry request attempt 1 at 10:41:32
149 verbose etag "BY31WFRSAQYLQNW8WQ4MQ7NJB"
150 http GET https://registry.npmjs.org/gulp-util
151 verbose request where is /shelljs
152 verbose request registry https://registry.npmjs.org/
153 verbose url raw /shelljs
154 verbose url resolving [ 'https://registry.npmjs.org/', './shelljs' ]
155 verbose url resolved https://registry.npmjs.org/shelljs
156 verbose request where is https://registry.npmjs.org/shelljs
157 info trying registry request attempt 1 at 10:41:32
158 verbose etag "7KZCVUY8UGRGTPOU22DY0PO5C"
159 http GET https://registry.npmjs.org/shelljs
160 http 200 https://registry.npmjs.org/gulp-rename
161 silly registry.get cb [ 200,
161 silly registry.get   { date: 'Thu, 05 Mar 2015 09:41:32 GMT',
161 silly registry.get     server: 'CouchDB/1.5.0 (Erlang OTP/R16B03)',
161 silly registry.get     etag: '"1U6RRXP8W574MP7IOWIGZH7TL"',
161 silly registry.get     'content-type': 'application/json',
161 silly registry.get     'cache-control': 'max-age=60',
161 silly registry.get     'content-length': '10173',
161 silly registry.get     'accept-ranges': 'bytes',
161 silly registry.get     via: '1.1 varnish',
161 silly registry.get     age: '31',
161 silly registry.get     'x-served-by': 'cache-ams4129-AMS',
161 silly registry.get     'x-cache': 'HIT',
161 silly registry.get     'x-cache-hits': '2',
161 silly registry.get     'x-timer': 'S1425548492.688451,VS0,VE0',
161 silly registry.get     vary: 'Accept',
161 silly registry.get     'keep-alive': 'timeout=10, max=50',
161 silly registry.get     connection: 'Keep-Alive' } ]
162 silly addNameRange number 2 { name: 'gulp-rename',
162 silly addNameRange   range: '>=1.2.0-0 <2.0.0-0',
162 silly addNameRange   hasData: true }
163 silly addNameRange versions [ 'gulp-rename',
163 silly addNameRange   [ '0.1.0', '0.2.1', '0.2.2', '1.0.0', '1.1.0', '1.2.0' ] ]
164 verbose addNamed [ 'gulp-rename', '1.2.0' ]
165 verbose addNamed [ '1.2.0', '1.2.0' ]
166 silly lockFile 5981c611-gulp-rename-1-2-0 gulp-rename@1.2.0
167 verbose lock gulp-rename@1.2.0 /home/tim/.npm/5981c611-gulp-rename-1-2-0.lock
168 http 200 https://registry.npmjs.org/gulp-sass
169 silly registry.get cb [ 200,
169 silly registry.get   { date: 'Thu, 05 Mar 2015 09:41:32 GMT',
169 silly registry.get     server: 'CouchDB/1.5.0 (Erlang OTP/R16B03)',
169 silly registry.get     etag: '"2JTSVSX6N650OIKOAB6G7DP40"',
169 silly registry.get     'content-type': 'application/json',
169 silly registry.get     'cache-control': 'max-age=60',
169 silly registry.get     'content-length': '32223',
169 silly registry.get     'accept-ranges': 'bytes',
169 silly registry.get     via: '1.1 varnish',
169 silly registry.get     age: '30',
169 silly registry.get     'x-served-by': 'cache-ams4130-AMS',
169 silly registry.get     'x-cache': 'HIT',
169 silly registry.get     'x-cache-hits': '1',
169 silly registry.get     'x-timer': 'S1425548492.682708,VS0,VE0',
169 silly registry.get     vary: 'Accept',
169 silly registry.get     'keep-alive': 'timeout=10, max=50',
169 silly registry.get     connection: 'Keep-Alive' } ]
170 silly lockFile b4be9a05-ulp-rename-gulp-rename-1-2-0-tgz https://registry.npmjs.org/gulp-rename/-/gulp-rename-1.2.0.tgz
171 verbose lock https://registry.npmjs.org/gulp-rename/-/gulp-rename-1.2.0.tgz /home/tim/.npm/b4be9a05-ulp-rename-gulp-rename-1-2-0-tgz.lock
172 verbose addRemoteTarball [ 'https://registry.npmjs.org/gulp-rename/-/gulp-rename-1.2.0.tgz',
172 verbose addRemoteTarball   '060394a09b085cf5d46fc48acdc5657f8fee9e4e' ]
173 http 304 https://registry.npmjs.org/gulp
174 silly registry.get cb [ 304,
174 silly registry.get   { date: 'Thu, 05 Mar 2015 09:41:32 GMT',
174 silly registry.get     server: 'Apache',
174 silly registry.get     via: '1.1 varnish',
174 silly registry.get     'last-modified': 'Thu, 05 Mar 2015 09:41:32 GMT',
174 silly registry.get     'cache-control': 'max-age=60',
174 silly registry.get     etag: '"50D86MTEE8SP4MXEP13LOB16U"',
174 silly registry.get     age: '24',
174 silly registry.get     'x-served-by': 'cache-ams4121-AMS',
174 silly registry.get     'x-cache': 'HIT',
174 silly registry.get     'x-cache-hits': '1',
174 silly registry.get     'x-timer': 'S1425548492.697576,VS0,VE0',
174 silly registry.get     vary: 'Accept',
174 silly registry.get     'content-length': '0',
174 silly registry.get     'keep-alive': 'timeout=10, max=50',
174 silly registry.get     connection: 'Keep-Alive' } ]
175 verbose etag https://registry.npmjs.org/gulp from cache
176 silly addNameRange number 2 { name: 'gulp-sass', range: '>=0.7.1-0 <0.8.0-0', hasData: true }
177 silly addNameRange versions [ 'gulp-sass',
177 silly addNameRange   [ '0.1.0',
177 silly addNameRange     '0.2.1',
177 silly addNameRange     '0.2.2',
177 silly addNameRange     '0.2.3',
177 silly addNameRange     '0.3.0',
177 silly addNameRange     '0.4.0',
177 silly addNameRange     '0.4.1',
177 silly addNameRange     '0.5.0',
177 silly addNameRange     '0.5.1',
177 silly addNameRange     '0.5.2',
177 silly addNameRange     '0.6.0',
177 silly addNameRange     '0.7.0',
177 silly addNameRange     '0.7.1',
177 silly addNameRange     '0.7.2',
177 silly addNameRange     '0.7.3',
177 silly addNameRange     '1.0.0',
177 silly addNameRange     '1.1.0',
177 silly addNameRange     '1.2.0',
177 silly addNameRange     '1.2.1',
177 silly addNameRange     '1.2.2',
177 silly addNameRange     '1.2.3',
177 silly addNameRange     '1.2.4',
177 silly addNameRange     '1.3.0',
177 silly addNameRange     '1.3.1',
177 silly addNameRange     '1.3.2',
177 silly addNameRange     '1.3.3' ] ]
178 verbose addNamed [ 'gulp-sass', '0.7.3' ]
179 verbose addNamed [ '0.7.3', '0.7.3' ]
180 silly lockFile 721f0c96-gulp-sass-0-7-3 gulp-sass@0.7.3
181 verbose lock gulp-sass@0.7.3 /home/tim/.npm/721f0c96-gulp-sass-0-7-3.lock
182 http 304 https://registry.npmjs.org/bower
183 silly registry.get cb [ 304,
183 silly registry.get   { date: 'Thu, 05 Mar 2015 09:41:32 GMT',
183 silly registry.get     server: 'Apache',
183 silly registry.get     via: '1.1 varnish',
183 silly registry.get     'last-modified': 'Thu, 05 Mar 2015 09:41:32 GMT',
183 silly registry.get     'cache-control': 'max-age=60',
183 silly registry.get     etag: '"EL9MGRLNON4T4ZXP9J0EA9ZP2"',
183 silly registry.get     age: '28',
183 silly registry.get     'x-served-by': 'cache-ams4129-AMS',
183 silly registry.get     'x-cache': 'HIT',
183 silly registry.get     'x-cache-hits': '1',
183 silly registry.get     'x-timer': 'S1425548492.700613,VS0,VE0',
183 silly registry.get     vary: 'Accept',
183 silly registry.get     'content-length': '0',
183 silly registry.get     'keep-alive': 'timeout=10, max=49',
183 silly registry.get     connection: 'Keep-Alive' } ]
184 verbose etag https://registry.npmjs.org/bower from cache
185 http 200 https://registry.npmjs.org/gulp-concat
186 silly registry.get cb [ 200,
186 silly registry.get   { date: 'Thu, 05 Mar 2015 09:41:32 GMT',
186 silly registry.get     server: 'CouchDB/1.5.0 (Erlang OTP/R16B03)',
186 silly registry.get     etag: '"DKYSXOOF98CD6ER376A9J84T3"',
186 silly registry.get     'content-type': 'application/json',
186 silly registry.get     'cache-control': 'max-age=60',
186 silly registry.get     'content-length': '34986',
186 silly registry.get     'accept-ranges': 'bytes',
186 silly registry.get     via: '1.1 varnish',
186 silly registry.get     age: '31',
186 silly registry.get     'x-served-by': 'cache-ams4126-AMS',
186 silly registry.get     'x-cache': 'HIT',
186 silly registry.get     'x-cache-hits': '43',
186 silly registry.get     'x-timer': 'S1425548492.683587,VS0,VE0',
186 silly registry.get     vary: 'Accept',
186 silly registry.get     'keep-alive': 'timeout=10, max=50',
186 silly registry.get     connection: 'Keep-Alive' } ]
187 http 304 https://registry.npmjs.org/gulp-util
188 silly registry.get cb [ 304,
188 silly registry.get   { date: 'Thu, 05 Mar 2015 09:41:32 GMT',
188 silly registry.get     server: 'Apache',
188 silly registry.get     via: '1.1 varnish',
188 silly registry.get     'last-modified': 'Thu, 05 Mar 2015 09:41:25 GMT',
188 silly registry.get     'cache-control': 'max-age=60',
188 silly registry.get     etag: '"BY31WFRSAQYLQNW8WQ4MQ7NJB"',
188 silly registry.get     age: '37',
188 silly registry.get     'x-served-by': 'cache-ams4130-AMS',
188 silly registry.get     'x-cache': 'HIT',
188 silly registry.get     'x-cache-hits': '2',
188 silly registry.get     'x-timer': 'S1425548492.704259,VS0,VE0',
188 silly registry.get     vary: 'Accept',
188 silly registry.get     'content-length': '0',
188 silly registry.get     'keep-alive': 'timeout=10, max=49',
188 silly registry.get     connection: 'Keep-Alive' } ]
189 verbose etag https://registry.npmjs.org/gulp-util from cache
190 http 304 https://registry.npmjs.org/shelljs
191 silly registry.get cb [ 304,
191 silly registry.get   { date: 'Thu, 05 Mar 2015 09:41:32 GMT',
191 silly registry.get     server: 'Apache',
191 silly registry.get     via: '1.1 varnish',
191 silly registry.get     'last-modified': 'Thu, 05 Mar 2015 09:40:57 GMT',
191 silly registry.get     'cache-control': 'max-age=60',
191 silly registry.get     etag: '"7KZCVUY8UGRGTPOU22DY0PO5C"',
191 silly registry.get     age: '35',
191 silly registry.get     'x-served-by': 'cache-ams4121-AMS',
191 silly registry.get     'x-cache': 'HIT',
191 silly registry.get     'x-cache-hits': '2',
191 silly registry.get     'x-timer': 'S1425548492.709077,VS0,VE0',
191 silly registry.get     vary: 'Accept',
191 silly registry.get     'content-length': '0',
191 silly registry.get     'keep-alive': 'timeout=10, max=49',
191 silly registry.get     connection: 'Keep-Alive' } ]
192 verbose etag https://registry.npmjs.org/shelljs from cache
193 silly lockFile d66f14f4-rg-gulp-sass-gulp-sass-0-7-3-tgz https://registry.npmjs.org/gulp-sass/-/gulp-sass-0.7.3.tgz
194 verbose lock https://registry.npmjs.org/gulp-sass/-/gulp-sass-0.7.3.tgz /home/tim/.npm/d66f14f4-rg-gulp-sass-gulp-sass-0-7-3-tgz.lock
195 info retry fetch attempt 1 at 10:41:32
196 verbose fetch to= /tmp/npm-17062-2S5C2ibb/registry.npmjs.org/gulp-rename/-/gulp-rename-1.2.0.tgz
197 verbose addRemoteTarball [ 'https://registry.npmjs.org/gulp-sass/-/gulp-sass-0.7.3.tgz',
197 verbose addRemoteTarball   '4bfbb4e4d95a40be8beeebe07e8e477e7f7a2edc' ]
198 http GET https://registry.npmjs.org/gulp-rename/-/gulp-rename-1.2.0.tgz
199 silly addNameRange number 2 { name: 'gulp', range: '>=3.5.6-0 <4.0.0-0', hasData: true }
200 silly addNameRange versions [ 'gulp',
200 silly addNameRange   [ '0.0.1',
200 silly addNameRange     '0.0.2',
200 silly addNameRange     '0.0.3',
200 silly addNameRange     '0.0.4',
200 silly addNameRange     '0.0.5',
200 silly addNameRange     '0.0.7',
200 silly addNameRange     '0.0.8',
200 silly addNameRange     '0.0.9',
200 silly addNameRange     '0.1.0',
200 silly addNameRange     '0.2.0',
200 silly addNameRange     '1.0.0',
200 silly addNameRange     '1.1.0',
200 silly addNameRange     '1.2.0',
200 silly addNameRange     '1.2.1',
200 silly addNameRange     '2.0.0',
200 silly addNameRange     '2.0.1',
200 silly addNameRange     '2.1.0',
200 silly addNameRange     '2.2.0',
200 silly addNameRange     '2.3.0',
200 silly addNameRange     '2.4.0',
200 silly addNameRange     '2.4.1',
200 silly addNameRange     '2.6.0',
200 silly addNameRange     '2.6.1',
200 silly addNameRange     '2.7.0',
200 silly addNameRange     '3.0.0',
200 silly addNameRange     '3.1.1',
200 silly addNameRange     '3.1.2',
200 silly addNameRange     '3.1.3',
200 silly addNameRange     '3.1.4',
200 silly addNameRange     '3.2.0',
200 silly addNameRange     '3.2.1',
200 silly addNameRange     '3.2.2',
200 silly addNameRange     '3.2.3',
200 silly addNameRange     '3.2.4',
200 silly addNameRange     '3.2.5',
200 silly addNameRange     '3.3.0',
200 silly addNameRange     '3.3.1',
200 silly addNameRange     '3.3.2',
200 silly addNameRange     '3.3.4',
200 silly addNameRange     '3.4.0',
200 silly addNameRange     '3.5.0',
200 silly addNameRange     '3.5.1',
200 silly addNameRange     '3.5.2',
200 silly addNameRange     '3.5.5',
200 silly addNameRange     '3.5.6',
200 silly addNameRange     '3.6.0',
200 silly addNameRange     '3.6.1',
200 silly addNameRange     '3.6.2',
200 silly addNameRange     '3.7.0',
200 silly addNameRange     '3.8.0',
200 silly addNameRange     '3.8.1',
200 silly addNameRange     '3.8.2',
200 silly addNameRange     '3.8.3',
200 silly addNameRange     '3.8.4',
200 silly addNameRange     '3.8.5',
200 silly addNameRange     '3.8.6',
200 silly addNameRange     '3.8.7',
200 silly addNameRange     '3.8.8',
200 silly addNameRange     '3.8.9',
200 silly addNameRange     '3.8.10',
200 silly addNameRange     '3.8.11' ] ]
201 verbose addNamed [ 'gulp', '3.8.11' ]
202 verbose addNamed [ '3.8.11', '3.8.11' ]
203 silly lockFile 3d31ec08-gulp-3-8-11 gulp@3.8.11
204 verbose lock gulp@3.8.11 /home/tim/.npm/3d31ec08-gulp-3-8-11.lock
205 silly addNameRange number 2 { name: 'bower', range: '>=1.3.3-0 <2.0.0-0', hasData: true }
206 silly addNameRange versions [ 'bower',
206 silly addNameRange   [ '0.1.0',
206 silly addNameRange     '0.1.2',
206 silly addNameRange     '0.1.3',
206 silly addNameRange     '0.2.0',
206 silly addNameRange     '0.3.0',
206 silly addNameRange     '0.3.1',
206 silly addNameRange     '0.3.2',
206 silly addNameRange     '0.4.0',
206 silly addNameRange     '0.5.0',
206 silly addNameRange     '0.5.1',
206 silly addNameRange     '0.6.0',
206 silly addNameRange     '0.6.1',
206 silly addNameRange     '0.6.2',
206 silly addNameRange     '0.6.3',
206 silly addNameRange     '0.6.4',
206 silly addNameRange     '0.6.5',
206 silly addNameRange     '0.6.6',
206 silly addNameRange     '0.6.7',
206 silly addNameRange     '0.6.8',
206 silly addNameRange     '0.7.0',
206 silly addNameRange     '0.7.1',
206 silly addNameRange     '0.8.0',
206 silly addNameRange     '0.8.1',
206 silly addNameRange     '0.8.2',
206 silly addNameRange     '0.8.3',
206 silly addNameRange     '0.8.4',
206 silly addNameRange     '0.8.5',
206 silly addNameRange     '0.8.6',
206 silly addNameRange     '0.9.0',
206 silly addNameRange     '0.9.1',
206 silly addNameRange     '0.9.2',
206 silly addNameRange     '0.10.0',
206 silly addNameRange     '1.0.0',
206 silly addNameRange     '1.0.1',
206 silly addNameRange     '1.0.2',
206 silly addNameRange     '1.0.3',
206 silly addNameRange     '1.1.0',
206 silly addNameRange     '1.1.1',
206 silly addNameRange     '1.1.2',
206 silly addNameRange     '1.2.0',
206 silly addNameRange     '1.2.1',
206 silly addNameRange     '1.2.2',
206 silly addNameRange     '1.2.3',
206 silly addNameRange     '1.2.4',
206 silly addNameRange     '1.2.5',
206 silly addNameRange     '1.2.6',
206 silly addNameRange     '1.2.7',
206 silly addNameRange     '1.2.8',
206 silly addNameRange     '1.3.0',
206 silly addNameRange     '1.3.1',
206 silly addNameRange     '1.3.2',
206 silly addNameRange     '1.3.3',
206 silly addNameRange     '1.3.4',
206 silly addNameRange     '1.3.5',
206 silly addNameRange     '1.3.6',
206 silly addNameRange     '1.3.7',
206 silly addNameRange     '1.3.8',
206 silly addNameRange     '1.3.9',
206 silly addNameRange     '1.3.10',
206 silly addNameRange     '1.3.11',
206 silly addNameRange     '1.3.12' ] ]
207 verbose addNamed [ 'bower', '1.3.12' ]
208 verbose addNamed [ '1.3.12', '1.3.12' ]
209 silly lockFile 9819431c-bower-1-3-12 bower@1.3.12
210 verbose lock bower@1.3.12 /home/tim/.npm/9819431c-bower-1-3-12.lock
211 silly addNameRange number 2 { name: 'gulp-concat',
211 silly addNameRange   range: '>=2.2.0-0 <3.0.0-0',
211 silly addNameRange   hasData: true }
212 silly addNameRange versions [ 'gulp-concat',
212 silly addNameRange   [ '0.0.1',
212 silly addNameRange     '1.0.0',
212 silly addNameRange     '1.1.0',
212 silly addNameRange     '2.0.0',
212 silly addNameRange     '2.1.0',
212 silly addNameRange     '2.1.1',
212 silly addNameRange     '2.1.2',
212 silly addNameRange     '2.1.3',
212 silly addNameRange     '2.1.4',
212 silly addNameRange     '2.1.5',
212 silly addNameRange     '2.1.6',
212 silly addNameRange     '2.1.7',
212 silly addNameRange     '2.2.0',
212 silly addNameRange     '2.3.0',
212 silly addNameRange     '2.3.3',
212 silly addNameRange     '2.3.4',
212 silly addNameRange     '2.3.5',
212 silly addNameRange     '2.4.0',
212 silly addNameRange     '2.4.1',
212 silly addNameRange     '2.4.2',
212 silly addNameRange     '2.4.3',
212 silly addNameRange     '2.5.0',
212 silly addNameRange     '2.5.1',
212 silly addNameRange     '2.5.2' ] ]
213 verbose addNamed [ 'gulp-concat', '2.5.2' ]
214 verbose addNamed [ '2.5.2', '2.5.2' ]
215 silly lockFile f86cbda2-gulp-concat-2-5-2 gulp-concat@2.5.2
216 verbose lock gulp-concat@2.5.2 /home/tim/.npm/f86cbda2-gulp-concat-2-5-2.lock
217 info retry fetch attempt 1 at 10:41:32
218 verbose fetch to= /tmp/npm-17062-2S5C2ibb/registry.npmjs.org/gulp-sass/-/gulp-sass-0.7.3.tgz
219 silly addNameRange number 2 { name: 'gulp-util',
219 silly addNameRange   range: '>=2.2.14-0 <3.0.0-0',
219 silly addNameRange   hasData: true }
220 silly addNameRange versions [ 'gulp-util',
220 silly addNameRange   [ '0.0.1',
220 silly addNameRange     '1.0.0',
220 silly addNameRange     '1.1.0',
220 silly addNameRange     '1.1.1',
220 silly addNameRange     '1.2.0',
220 silly addNameRange     '1.3.0',
220 silly addNameRange     '2.0.0',
220 silly addNameRange     '2.1.1',
220 silly addNameRange     '2.1.2',
220 silly addNameRange     '2.1.3',
220 silly addNameRange     '2.1.4',
220 silly addNameRange     '2.2.0',
220 silly addNameRange     '2.2.1',
220 silly addNameRange     '2.2.2',
220 silly addNameRange     '2.2.3',
220 silly addNameRange     '2.2.5',
220 silly addNameRange     '2.2.6',
220 silly addNameRange     '2.2.7',
220 silly addNameRange     '2.2.8',
220 silly addNameRange     '2.2.9',
220 silly addNameRange     '2.2.10',
220 silly addNameRange     '2.2.11',
220 silly addNameRange     '2.2.12',
220 silly addNameRange     '2.2.13',
220 silly addNameRange     '2.2.14',
220 silly addNameRange     '2.2.15',
220 silly addNameRange     '2.2.16',
220 silly addNameRange     '2.2.17',
220 silly addNameRange     '2.2.18',
220 silly addNameRange     '2.2.19',
220 silly addNameRange     '2.2.20',
220 silly addNameRange     '3.0.0',
220 silly addNameRange     '3.0.1',
220 silly addNameRange     '3.0.2',
220 silly addNameRange     '3.0.3',
220 silly addNameRange     '3.0.4' ] ]
221 verbose addNamed [ 'gulp-util', '2.2.20' ]
222 verbose addNamed [ '2.2.20', '2.2.20' ]
223 silly lockFile 48c194cb-gulp-util-2-2-20 gulp-util@2.2.20
224 verbose lock gulp-util@2.2.20 /home/tim/.npm/48c194cb-gulp-util-2-2-20.lock
225 silly addNameRange number 2 { name: 'shelljs', range: '>=0.3.0-0 <0.4.0-0', hasData: true }
226 silly addNameRange versions [ 'shelljs',
226 silly addNameRange   [ '0.0.1',
226 silly addNameRange     '0.0.2',
226 silly addNameRange     '0.0.3',
226 silly addNameRange     '0.0.4',
226 silly addNameRange     '0.0.5',
226 silly addNameRange     '0.0.6',
226 silly addNameRange     '0.0.7',
226 silly addNameRange     '0.0.8',
226 silly addNameRange     '0.0.9',
226 silly addNameRange     '0.1.0',
226 silly addNameRange     '0.1.1',
226 silly addNameRange     '0.1.2',
226 silly addNameRange     '0.1.3',
226 silly addNameRange     '0.1.4',
226 silly addNameRange     '0.2.0',
226 silly addNameRange     '0.2.1',
226 silly addNameRange     '0.2.2',
226 silly addNameRange     '0.2.3',
226 silly addNameRange     '0.2.4',
226 silly addNameRange     '0.2.5',
226 silly addNameRange     '0.2.6',
226 silly addNameRange     '0.3.0',
226 silly addNameRange     '0.0.1-alpha1',
226 silly addNameRange     '0.0.2-pre1',
226 silly addNameRange     '0.0.4-pre1',
226 silly addNameRange     '0.0.5-pre1',
226 silly addNameRange     '0.0.5-pre2',
226 silly addNameRange     '0.0.5-pre3',
226 silly addNameRange     '0.0.5-pre4',
226 silly addNameRange     '0.0.6-pre1',
226 silly addNameRange     '0.0.6-pre2' ] ]
227 verbose addNamed [ 'shelljs', '0.3.0' ]
228 verbose addNamed [ '0.3.0', '0.3.0' ]
229 silly lockFile 7d3918b1-shelljs-0-3-0 shelljs@0.3.0
230 verbose lock shelljs@0.3.0 /home/tim/.npm/7d3918b1-shelljs-0-3-0.lock
231 http GET https://registry.npmjs.org/gulp-sass/-/gulp-sass-0.7.3.tgz
232 silly lockFile 2b63d021-ulp-concat-gulp-concat-2-5-2-tgz https://registry.npmjs.org/gulp-concat/-/gulp-concat-2.5.2.tgz
233 verbose lock https://registry.npmjs.org/gulp-concat/-/gulp-concat-2.5.2.tgz /home/tim/.npm/2b63d021-ulp-concat-gulp-concat-2-5-2-tgz.lock
234 silly lockFile 34166e88-g-gulp-util-gulp-util-2-2-20-tgz https://registry.npmjs.org/gulp-util/-/gulp-util-2.2.20.tgz
235 verbose lock https://registry.npmjs.org/gulp-util/-/gulp-util-2.2.20.tgz /home/tim/.npm/34166e88-g-gulp-util-gulp-util-2-2-20-tgz.lock
236 verbose addRemoteTarball [ 'https://registry.npmjs.org/gulp-concat/-/gulp-concat-2.5.2.tgz',
236 verbose addRemoteTarball   'd644372cdc2b3cdb421a8a941c8d74e21d815f14' ]
237 verbose addRemoteTarball [ 'https://registry.npmjs.org/gulp-util/-/gulp-util-2.2.20.tgz',
237 verbose addRemoteTarball   'd7146e5728910bd8f047a6b0b1e549bc22dbd64c' ]
238 silly lockFile 3d31ec08-gulp-3-8-11 gulp@3.8.11
239 silly lockFile 3d31ec08-gulp-3-8-11 gulp@3.8.11
240 silly lockFile 9819431c-bower-1-3-12 bower@1.3.12
241 silly lockFile 9819431c-bower-1-3-12 bower@1.3.12
242 info retry fetch attempt 1 at 10:41:32
243 verbose fetch to= /tmp/npm-17062-2S5C2ibb/registry.npmjs.org/gulp-concat/-/gulp-concat-2.5.2.tgz
244 info retry fetch attempt 1 at 10:41:32
245 verbose fetch to= /tmp/npm-17062-2S5C2ibb/registry.npmjs.org/gulp-util/-/gulp-util-2.2.20.tgz
246 silly lockFile 28ac0b1b-gulp-3-5-6 gulp@^3.5.6
247 silly lockFile 28ac0b1b-gulp-3-5-6 gulp@^3.5.6
248 silly lockFile 0aa5c27e-bower-1-3-3 bower@^1.3.3
249 silly lockFile 0aa5c27e-bower-1-3-3 bower@^1.3.3
250 silly lockFile 7d3918b1-shelljs-0-3-0 shelljs@0.3.0
251 silly lockFile 7d3918b1-shelljs-0-3-0 shelljs@0.3.0
252 silly lockFile 1ddaa962-shelljs-0-3-0 shelljs@^0.3.0
253 silly lockFile 1ddaa962-shelljs-0-3-0 shelljs@^0.3.0
254 http GET https://registry.npmjs.org/gulp-concat/-/gulp-concat-2.5.2.tgz
255 http GET https://registry.npmjs.org/gulp-util/-/gulp-util-2.2.20.tgz
256 http 200 https://registry.npmjs.org/gulp-rename/-/gulp-rename-1.2.0.tgz
257 silly lockFile b4be9a05-ulp-rename-gulp-rename-1-2-0-tgz https://registry.npmjs.org/gulp-rename/-/gulp-rename-1.2.0.tgz
258 silly lockFile b4be9a05-ulp-rename-gulp-rename-1-2-0-tgz https://registry.npmjs.org/gulp-rename/-/gulp-rename-1.2.0.tgz
259 silly lockFile 5981c611-gulp-rename-1-2-0 gulp-rename@1.2.0
260 silly lockFile 5981c611-gulp-rename-1-2-0 gulp-rename@1.2.0
261 silly lockFile 31cef36d-gulp-rename-1-2-0 gulp-rename@^1.2.0
262 silly lockFile 31cef36d-gulp-rename-1-2-0 gulp-rename@^1.2.0
263 http 200 https://registry.npmjs.org/gulp-sass/-/gulp-sass-0.7.3.tgz
264 http 200 https://registry.npmjs.org/gulp-concat/-/gulp-concat-2.5.2.tgz
265 http 200 https://registry.npmjs.org/gulp-util/-/gulp-util-2.2.20.tgz
266 silly lockFile d66f14f4-rg-gulp-sass-gulp-sass-0-7-3-tgz https://registry.npmjs.org/gulp-sass/-/gulp-sass-0.7.3.tgz
267 silly lockFile d66f14f4-rg-gulp-sass-gulp-sass-0-7-3-tgz https://registry.npmjs.org/gulp-sass/-/gulp-sass-0.7.3.tgz
268 silly lockFile 721f0c96-gulp-sass-0-7-3 gulp-sass@0.7.3
269 silly lockFile 721f0c96-gulp-sass-0-7-3 gulp-sass@0.7.3
270 silly lockFile 77100620-gulp-sass-0-7-1 gulp-sass@^0.7.1
271 silly lockFile 77100620-gulp-sass-0-7-1 gulp-sass@^0.7.1
272 silly lockFile 2b63d021-ulp-concat-gulp-concat-2-5-2-tgz https://registry.npmjs.org/gulp-concat/-/gulp-concat-2.5.2.tgz
273 silly lockFile 2b63d021-ulp-concat-gulp-concat-2-5-2-tgz https://registry.npmjs.org/gulp-concat/-/gulp-concat-2.5.2.tgz
274 silly lockFile f86cbda2-gulp-concat-2-5-2 gulp-concat@2.5.2
275 silly lockFile f86cbda2-gulp-concat-2-5-2 gulp-concat@2.5.2
276 silly lockFile bade1119-gulp-concat-2-2-0 gulp-concat@^2.2.0
277 silly lockFile bade1119-gulp-concat-2-2-0 gulp-concat@^2.2.0
278 silly lockFile 34166e88-g-gulp-util-gulp-util-2-2-20-tgz https://registry.npmjs.org/gulp-util/-/gulp-util-2.2.20.tgz
279 silly lockFile 34166e88-g-gulp-util-gulp-util-2-2-20-tgz https://registry.npmjs.org/gulp-util/-/gulp-util-2.2.20.tgz
280 silly lockFile 48c194cb-gulp-util-2-2-20 gulp-util@2.2.20
281 silly lockFile 48c194cb-gulp-util-2-2-20 gulp-util@2.2.20
282 silly lockFile e3e5f16b-gulp-util-2-2-14 gulp-util@^2.2.14
283 silly lockFile e3e5f16b-gulp-util-2-2-14 gulp-util@^2.2.14
284 http 200 https://registry.npmjs.org/gulp-minify-css
285 silly registry.get cb [ 200,
285 silly registry.get   { date: 'Thu, 05 Mar 2015 09:41:33 GMT',
285 silly registry.get     server: 'CouchDB/1.5.0 (Erlang OTP/R16B03)',
285 silly registry.get     etag: '"2V2L2T9NE9LGH03YNZ5JO7EVE"',
285 silly registry.get     'content-type': 'application/json',
285 silly registry.get     'cache-control': 'max-age=60',
285 silly registry.get     'content-length': '41027',
285 silly registry.get     'accept-ranges': 'bytes',
285 silly registry.get     via: '1.1 varnish',
285 silly registry.get     age: '0',
285 silly registry.get     'x-served-by': 'cache-ams4141-AMS',
285 silly registry.get     'x-cache': 'HIT',
285 silly registry.get     'x-cache-hits': '1',
285 silly registry.get     'x-timer': 'S1425548492.683518,VS0,VE376',
285 silly registry.get     vary: 'Accept',
285 silly registry.get     'keep-alive': 'timeout=10, max=50',
285 silly registry.get     connection: 'Keep-Alive' } ]
286 silly addNameRange number 2 { name: 'gulp-minify-css',
286 silly addNameRange   range: '>=0.3.0-0 <0.4.0-0',
286 silly addNameRange   hasData: true }
287 silly addNameRange versions [ 'gulp-minify-css',
287 silly addNameRange   [ '0.0.1',
287 silly addNameRange     '0.1.0',
287 silly addNameRange     '0.2.0',
287 silly addNameRange     '0.3.0',
287 silly addNameRange     '0.3.1',
287 silly addNameRange     '0.3.2',
287 silly addNameRange     '0.3.3',
287 silly addNameRange     '0.3.4',
287 silly addNameRange     '0.3.5',
287 silly addNameRange     '0.3.6',
287 silly addNameRange     '0.3.7',
287 silly addNameRange     '0.3.8',
287 silly addNameRange     '0.3.9',
287 silly addNameRange     '0.3.10',
287 silly addNameRange     '0.3.11',
287 silly addNameRange     '0.3.12',
287 silly addNameRange     '0.3.13',
287 silly addNameRange     '0.4.0',
287 silly addNameRange     '0.4.1',
287 silly addNameRange     '0.4.2',
287 silly addNameRange     '0.4.3',
287 silly addNameRange     '0.4.4',
287 silly addNameRange     '0.4.5',
287 silly addNameRange     '0.4.6',
287 silly addNameRange     '0.5.0',
287 silly addNameRange     '0.5.1' ] ]
288 verbose addNamed [ 'gulp-minify-css', '0.3.13' ]
289 verbose addNamed [ '0.3.13', '0.3.13' ]
290 silly lockFile 9038a954-gulp-minify-css-0-3-13 gulp-minify-css@0.3.13
291 verbose lock gulp-minify-css@0.3.13 /home/tim/.npm/9038a954-gulp-minify-css-0-3-13.lock
292 silly lockFile 8781e9f5-y-css-gulp-minify-css-0-3-13-tgz https://registry.npmjs.org/gulp-minify-css/-/gulp-minify-css-0.3.13.tgz
293 verbose lock https://registry.npmjs.org/gulp-minify-css/-/gulp-minify-css-0.3.13.tgz /home/tim/.npm/8781e9f5-y-css-gulp-minify-css-0-3-13-tgz.lock
294 verbose addRemoteTarball [ 'https://registry.npmjs.org/gulp-minify-css/-/gulp-minify-css-0.3.13.tgz',
294 verbose addRemoteTarball   'ba813c665422868305383ccd185f239c1e35209b' ]
295 info retry fetch attempt 1 at 10:41:33
296 verbose fetch to= /tmp/npm-17062-2S5C2ibb/registry.npmjs.org/gulp-minify-css/-/gulp-minify-css-0.3.13.tgz
297 http GET https://registry.npmjs.org/gulp-minify-css/-/gulp-minify-css-0.3.13.tgz
298 http 200 https://registry.npmjs.org/gulp-minify-css/-/gulp-minify-css-0.3.13.tgz
299 silly lockFile 8781e9f5-y-css-gulp-minify-css-0-3-13-tgz https://registry.npmjs.org/gulp-minify-css/-/gulp-minify-css-0.3.13.tgz
300 silly lockFile 8781e9f5-y-css-gulp-minify-css-0-3-13-tgz https://registry.npmjs.org/gulp-minify-css/-/gulp-minify-css-0.3.13.tgz
301 silly lockFile 9038a954-gulp-minify-css-0-3-13 gulp-minify-css@0.3.13
302 silly lockFile 9038a954-gulp-minify-css-0-3-13 gulp-minify-css@0.3.13
303 silly lockFile 97140670-gulp-minify-css-0-3-0 gulp-minify-css@^0.3.0
304 silly lockFile 97140670-gulp-minify-css-0-3-0 gulp-minify-css@^0.3.0
305 error Error: EACCES, mkdir '/home/tim/.npm/gulp-util/2.2.20'
305 error  { [Error: EACCES, mkdir '/home/tim/.npm/gulp-util/2.2.20']
305 error   errno: 3,
305 error   code: 'EACCES',
305 error   path: '/home/tim/.npm/gulp-util/2.2.20',
305 error   parent: 'appcki' }
306 error Please try running this command again as root/Administrator.
307 error System Linux 3.13.0-46-generic
308 error command "/usr/bin/node" "/usr/bin/npm" "install"
309 error cwd /home/tim/git/appcki
310 error node -v v0.10.36
311 error npm -v 1.4.28
312 error path /home/tim/.npm/gulp-util/2.2.20
313 error code EACCES
314 error errno 3
315 error stack Error: EACCES, mkdir '/home/tim/.npm/gulp-util/2.2.20'
316 verbose exit [ 3, true ]
